<?xml version="1.0" encoding="UTF-8"?>
<testng-results ignored="0" total="7" passed="7" failed="0" skipped="0">
  <reporter-output>
  </reporter-output>
  <suite started-at="2022-10-17T10:16:46 IST" name="All Test Suite" finished-at="2022-10-17T10:20:20 IST" duration-ms="213635">
    <groups>
    </groups>
    <test started-at="2022-10-17T10:16:46 IST" name="VelMeni Automation" finished-at="2022-10-17T10:20:20 IST" duration-ms="213635">
      <class name="Tests.UploadAndAnalyse">
        <test-method is-config="true" signature="setup()[pri:0, instance:Tests.UploadAndAnalyse@7b993c65]" started-at="2022-10-17T10:18:50 IST" name="setup" finished-at="2022-10-17T10:19:00 IST" duration-ms="9139" status="PASS">
          <reporter-output>
          </reporter-output>
        </test-method> <!-- setup -->
        <test-method signature="UploadAndAnalyze()[pri:0, instance:Tests.UploadAndAnalyse@7b993c65]" started-at="2022-10-17T10:19:00 IST" name="UploadAndAnalyze" description="Check Upload and Analyze flow" finished-at="2022-10-17T10:19:20 IST" duration-ms="20828" status="PASS">
          <reporter-output>
          </reporter-output>
        </test-method> <!-- UploadAndAnalyze -->
        <test-method is-config="true" signature="tearDown()[pri:0, instance:Tests.UploadAndAnalyse@7b993c65]" started-at="2022-10-17T10:19:20 IST" name="tearDown" finished-at="2022-10-17T10:19:21 IST" duration-ms="837" status="PASS">
          <reporter-output>
          </reporter-output>
        </test-method> <!-- tearDown -->
      </class> <!-- Tests.UploadAndAnalyse -->
      <class name="Tests.Chatbot">
        <test-method is-config="true" signature="setup()[pri:0, instance:Tests.Chatbot@23202fce]" started-at="2022-10-17T10:17:39 IST" name="setup" finished-at="2022-10-17T10:17:48 IST" duration-ms="8710" status="PASS">
          <reporter-output>
          </reporter-output>
        </test-method> <!-- setup -->
        <test-method signature="ChatBot()[pri:0, instance:Tests.Chatbot@23202fce]" started-at="2022-10-17T10:17:48 IST" name="ChatBot" description="Check ChatBot flow" finished-at="2022-10-17T10:18:49 IST" duration-ms="61433" status="PASS">
          <reporter-output>
          </reporter-output>
        </test-method> <!-- ChatBot -->
        <test-method is-config="true" signature="tearDown()[pri:0, instance:Tests.Chatbot@23202fce]" started-at="2022-10-17T10:18:49 IST" name="tearDown" finished-at="2022-10-17T10:18:50 IST" duration-ms="1170" status="PASS">
          <reporter-output>
          </reporter-output>
        </test-method> <!-- tearDown -->
      </class> <!-- Tests.Chatbot -->
      <class name="Tests.Support">
        <test-method is-config="true" signature="setup()[pri:0, instance:Tests.Support@6f1c29b7]" started-at="2022-10-17T10:19:54 IST" name="setup" finished-at="2022-10-17T10:20:03 IST" duration-ms="8391" status="PASS">
          <reporter-output>
          </reporter-output>
        </test-method> <!-- setup -->
        <test-method signature="supportFlow()[pri:0, instance:Tests.Support@6f1c29b7]" started-at="2022-10-17T10:20:03 IST" name="supportFlow" description="Check support flow" finished-at="2022-10-17T10:20:19 IST" duration-ms="16281" status="PASS">
          <reporter-output>
          </reporter-output>
        </test-method> <!-- supportFlow -->
        <test-method is-config="true" signature="tearDown()[pri:0, instance:Tests.Support@6f1c29b7]" started-at="2022-10-17T10:20:19 IST" name="tearDown" finished-at="2022-10-17T10:20:20 IST" duration-ms="808" status="PASS">
          <reporter-output>
          </reporter-output>
        </test-method> <!-- tearDown -->
      </class> <!-- Tests.Support -->
      <class name="Tests.AddPatient">
        <test-method is-config="true" signature="setup()[pri:0, instance:Tests.AddPatient@1df8b5b8]" started-at="2022-10-17T10:17:05 IST" name="setup" finished-at="2022-10-17T10:17:15 IST" duration-ms="9619" status="PASS">
          <reporter-output>
          </reporter-output>
        </test-method> <!-- setup -->
        <test-method signature="AddPatient()[pri:0, instance:Tests.AddPatient@1df8b5b8]" started-at="2022-10-17T10:17:15 IST" name="AddPatient" description="Check Add Patient flow" finished-at="2022-10-17T10:17:38 IST" duration-ms="23216" status="PASS">
          <reporter-output>
          </reporter-output>
        </test-method> <!-- AddPatient -->
        <test-method is-config="true" signature="tearDown()[pri:0, instance:Tests.AddPatient@1df8b5b8]" started-at="2022-10-17T10:17:38 IST" name="tearDown" finished-at="2022-10-17T10:17:39 IST" duration-ms="962" status="PASS">
          <reporter-output>
          </reporter-output>
        </test-method> <!-- tearDown -->
      </class> <!-- Tests.AddPatient -->
      <class name="Tests.LoginLogout">
        <test-method is-config="true" signature="setup()[pri:0, instance:Tests.LoginLogout@5e21e98f]" started-at="2022-10-17T10:16:46 IST" name="setup" finished-at="2022-10-17T10:16:59 IST" duration-ms="12421" status="PASS">
          <reporter-output>
          </reporter-output>
        </test-method> <!-- setup -->
        <test-method signature="loginflow()[pri:0, instance:Tests.LoginLogout@5e21e98f]" started-at="2022-10-17T10:16:59 IST" name="loginflow" description="Check login flow" finished-at="2022-10-17T10:16:59 IST" duration-ms="638" status="PASS">
          <reporter-output>
          </reporter-output>
        </test-method> <!-- loginflow -->
        <test-method signature="logoutflow()[pri:0, instance:Tests.LoginLogout@5e21e98f]" started-at="2022-10-17T10:16:59 IST" name="logoutflow" description="Check logout flow" finished-at="2022-10-17T10:17:05 IST" duration-ms="5091" status="PASS">
          <reporter-output>
          </reporter-output>
        </test-method> <!-- logoutflow -->
        <test-method is-config="true" signature="tearDown()[pri:0, instance:Tests.LoginLogout@5e21e98f]" started-at="2022-10-17T10:17:05 IST" name="tearDown" finished-at="2022-10-17T10:17:05 IST" duration-ms="745" status="PASS">
          <reporter-output>
          </reporter-output>
        </test-method> <!-- tearDown -->
      </class> <!-- Tests.LoginLogout -->
      <class name="Tests.Settings">
        <test-method is-config="true" signature="setup()[pri:0, instance:Tests.Settings@37911f88]" started-at="2022-10-17T10:19:21 IST" name="setup" finished-at="2022-10-17T10:19:30 IST" duration-ms="9243" status="PASS">
          <reporter-output>
          </reporter-output>
        </test-method> <!-- setup -->
        <test-method signature="settingsFlow()[pri:0, instance:Tests.Settings@37911f88]" started-at="2022-10-17T10:19:30 IST" name="settingsFlow" description="Check settings flow" finished-at="2022-10-17T10:19:54 IST" duration-ms="23050" status="PASS">
          <reporter-output>
          </reporter-output>
        </test-method> <!-- settingsFlow -->
        <test-method is-config="true" signature="tearDown()[pri:0, instance:Tests.Settings@37911f88]" started-at="2022-10-17T10:19:54 IST" name="tearDown" finished-at="2022-10-17T10:19:54 IST" duration-ms="817" status="PASS">
          <reporter-output>
          </reporter-output>
        </test-method> <!-- tearDown -->
      </class> <!-- Tests.Settings -->
    </test> <!-- VelMeni Automation -->
  </suite> <!-- All Test Suite -->
</testng-results>
