<?xml version="1.0" encoding="UTF-8"?>
<!-- Generated by org.testng.reporters.JUnitXMLReporter -->
<testsuite ignored="0" hostname="DESKTOP-M4HISO1" failures="0" tests="6" name="Login Page" time="48.356" errors="0" timestamp="2022-10-19T18:48:26 IST">
  <testcase classname="Tests.LoginLogout" name="emptyCredentials" time="4.617"/>
  <testcase classname="Tests.LoginLogout" name="iconVisibility" time="4.23"/>
  <testcase classname="Tests.LoginLogout" name="invalidPassword" time="4.392"/>
  <testcase classname="Tests.LoginLogout" name="invalidUserName" time="4.375"/>
  <testcase classname="Tests.LoginLogout" name="loginflow" time="4.312"/>
  <testcase classname="Tests.LoginLogout" name="logoutflow" time="5.108"/>
</testsuite> <!-- Login Page -->
