<?xml version="1.0" encoding="UTF-8"?>
<!-- Generated by org.testng.reporters.JUnitXMLReporter -->
<testsuite ignored="0" hostname="DESKTOP-M4HISO1" failures="0" tests="6" name="Login Page" time="39.912" errors="0" timestamp="2022-10-18T18:09:16 IST">
  <testcase classname="Tests.LoginLogout" name="emptyCredentials" time="4.263"/>
  <testcase classname="Tests.LoginLogout" name="iconVisibility" time="4.228"/>
  <testcase classname="Tests.LoginLogout" name="invalidPassword" time="4.422"/>
  <testcase classname="Tests.LoginLogout" name="invalidUserName" time="4.379"/>
  <testcase classname="Tests.LoginLogout" name="loginflow" time="4.5"/>
  <testcase classname="Tests.LoginLogout" name="logoutflow" time="5.142"/>
</testsuite> <!-- Login Page -->
