<?xml version="1.0" encoding="UTF-8"?>
<!-- Generated by org.testng.reporters.JUnitXMLReporter -->
<testsuite ignored="0" hostname="DESKTOP-M4HISO1" failures="5" tests="7" name="VelMeni Automation" time="170.743" errors="0" timestamp="2022-10-13T17:10:05 IST">
  <testcase classname="Tests.LoginLogout" name="loginflow" time="0.064">
    <failure type="java.lang.NullPointerException">
      <![CDATA[java.lang.NullPointerException
at Tests.LoginLogout.loginflow(LoginLogout.java:37)
at java.base/java.util.ArrayList.forEach(ArrayList.java:1541)
at com.intellij.rt.testng.IDEARemoteTestNG.run(IDEARemoteTestNG.java:66)
at com.intellij.rt.testng.RemoteTestNGStarter.main(RemoteTestNGStarter.java:109)
... Removed 24 stack frames]]>
    </failure>
  </testcase> <!-- loginflow -->
  <testcase classname="Tests.LoginLogout" name="logoutflow" time="0.005">
    <failure type="java.lang.NullPointerException">
      <![CDATA[java.lang.NullPointerException
at Tests.LoginLogout.logoutflow(LoginLogout.java:42)
at java.base/java.util.ArrayList.forEach(ArrayList.java:1541)
at com.intellij.rt.testng.IDEARemoteTestNG.run(IDEARemoteTestNG.java:66)
at com.intellij.rt.testng.RemoteTestNGStarter.main(RemoteTestNGStarter.java:109)
... Removed 24 stack frames]]>
    </failure>
  </testcase> <!-- logoutflow -->
  <testcase classname="Tests.AddPatient" name="AddPatient" time="23.711"/>
  <testcase classname="Tests.Chatbot" name="ChatBot" time="61.15"/>
  <testcase classname="Tests.UploadAndAnalyse" name="UploadAndAnalyze" time="21.055">
    <failure type="org.openqa.selenium.ElementClickInterceptedException" message="element click intercepted: Element &amp;lt;a _ngcontent-mjw-c90=&amp;quot;&amp;quot; class=&amp;quot;menu-top&amp;quot;&amp;gt;...&amp;lt;/a&amp;gt; is not clickable at point (32, 520). Other element would receive the click: &amp;lt;div class=&amp;quot;cdk-overlay-backdrop cdk-overlay-dark-backdrop cdk-overlay-backdrop-showing&amp;quot;&amp;gt;&amp;lt;/div&amp;gt;
  (Session info: chrome=106.0.5249.119)
Build info: version: &amp;apos;4.4.0&amp;apos;, revision: &amp;apos;e5c75ed026a&amp;apos;
System info: host: &amp;apos;DESKTOP-M4HISO1&amp;apos;, ip: &amp;apos;172.21.64.1&amp;apos;, os.name: &amp;apos;Windows 11&amp;apos;, os.arch: &amp;apos;amd64&amp;apos;, os.version: &amp;apos;10.0&amp;apos;, java.version: &amp;apos;11.0.15&amp;apos;
Driver info: org.openqa.selenium.chrome.ChromeDriver
Command: [ebc208a56fd4e00e3bf5920cb720a969, clickElement {id=c152c7f6-a788-4b00-9ed3-95c0d0639ffb}]
Capabilities {acceptInsecureCerts: false, browserName: chrome, browserVersion: 106.0.5249.119, chrome: {chromedriverVersion: 106.0.5249.61 (511755355844..., userDataDir: C:\Users\RIAAMM~1\AppData\L...}, goog:chromeOptions: {debuggerAddress: localhost:49894}, networkConnectionEnabled: false, pageLoadStrategy: normal, platformName: WINDOWS, proxy: Proxy(), se:cdp: ws://localhost:49894/devtoo..., se:cdpVersion: 106.0.5249.119, setWindowRect: true, strictFileInteractability: false, timeouts: {implicit: 0, pageLoad: 300000, script: 30000}, unhandledPromptBehavior: dismiss and notify, webauthn:extension:credBlob: true, webauthn:extension:largeBlob: true, webauthn:virtualAuthenticators: true}
Element: [[ChromeDriver: chrome on WINDOWS (ebc208a56fd4e00e3bf5920cb720a969)] -&amp;gt; xpath: //*[@id=&amp;quot;leftsidebar&amp;quot;]/div/ul/li[4]/a]
Session ID: ebc208a56fd4e00e3bf5920cb720a969">
      <![CDATA[org.openqa.selenium.ElementClickInterceptedException: element click intercepted: Element <a _ngcontent-mjw-c90="" class="menu-top">...</a> is not clickable at point (32, 520). Other element would receive the click: <div class="cdk-overlay-backdrop cdk-overlay-dark-backdrop cdk-overlay-backdrop-showing"></div>
  (Session info: chrome=106.0.5249.119)
Build info: version: '4.4.0', revision: 'e5c75ed026a'
System info: host: 'DESKTOP-M4HISO1', ip: '172.21.64.1', os.name: 'Windows 11', os.arch: 'amd64', os.version: '10.0', java.version: '11.0.15'
Driver info: org.openqa.selenium.chrome.ChromeDriver
Command: [ebc208a56fd4e00e3bf5920cb720a969, clickElement {id=c152c7f6-a788-4b00-9ed3-95c0d0639ffb}]
Capabilities {acceptInsecureCerts: false, browserName: chrome, browserVersion: 106.0.5249.119, chrome: {chromedriverVersion: 106.0.5249.61 (511755355844..., userDataDir: C:\Users\RIAAMM~1\AppData\L...}, goog:chromeOptions: {debuggerAddress: localhost:49894}, networkConnectionEnabled: false, pageLoadStrategy: normal, platformName: WINDOWS, proxy: Proxy(), se:cdp: ws://localhost:49894/devtoo..., se:cdpVersion: 106.0.5249.119, setWindowRect: true, strictFileInteractability: false, timeouts: {implicit: 0, pageLoad: 300000, script: 30000}, unhandledPromptBehavior: dismiss and notify, webauthn:extension:credBlob: true, webauthn:extension:largeBlob: true, webauthn:virtualAuthenticators: true}
Element: [[ChromeDriver: chrome on WINDOWS (ebc208a56fd4e00e3bf5920cb720a969)] -> xpath: //*[@id="leftsidebar"]/div/ul/li[4]/a]
Session ID: ebc208a56fd4e00e3bf5920cb720a969
at org.openqa.selenium.remote.codec.w3c.W3CHttpResponseCodec.createException(W3CHttpResponseCodec.java:200)
at org.openqa.selenium.remote.codec.w3c.W3CHttpResponseCodec.decode(W3CHttpResponseCodec.java:133)
at org.openqa.selenium.remote.codec.w3c.W3CHttpResponseCodec.decode(W3CHttpResponseCodec.java:53)
at org.openqa.selenium.remote.HttpCommandExecutor.execute(HttpCommandExecutor.java:184)
at org.openqa.selenium.remote.service.DriverCommandExecutor.invokeExecute(DriverCommandExecutor.java:167)
at org.openqa.selenium.remote.service.DriverCommandExecutor.execute(DriverCommandExecutor.java:142)
at org.openqa.selenium.remote.RemoteWebDriver.execute(RemoteWebDriver.java:547)
at org.openqa.selenium.remote.RemoteWebElement.execute(RemoteWebElement.java:257)
at org.openqa.selenium.remote.RemoteWebElement.click(RemoteWebElement.java:78)
at Utils.SecondDentistUtils.clickLogOutButton(SecondDentistUtils.java:28)
at Tests.UploadAndAnalyse.UploadAndAnalyze(UploadAndAnalyse.java:36)
at java.base/java.util.ArrayList.forEach(ArrayList.java:1541)
at com.intellij.rt.testng.IDEARemoteTestNG.run(IDEARemoteTestNG.java:66)
at com.intellij.rt.testng.RemoteTestNGStarter.main(RemoteTestNGStarter.java:109)
... Removed 28 stack frames]]>
    </failure>
  </testcase> <!-- UploadAndAnalyze -->
  <testcase classname="Tests.Settings" name="settingsFlow" time="0.001">
    <failure type="java.lang.NullPointerException">
      <![CDATA[java.lang.NullPointerException
at Tests.Settings.settingsFlow(Settings.java:33)
at java.base/java.util.ArrayList.forEach(ArrayList.java:1541)
at com.intellij.rt.testng.IDEARemoteTestNG.run(IDEARemoteTestNG.java:66)
at com.intellij.rt.testng.RemoteTestNGStarter.main(RemoteTestNGStarter.java:109)
... Removed 24 stack frames]]>
    </failure>
  </testcase> <!-- settingsFlow -->
  <testcase classname="Tests.Support" name="supportFlow" time="0.0">
    <failure type="java.lang.NullPointerException">
      <![CDATA[java.lang.NullPointerException
at Tests.Support.supportFlow(Support.java:33)
at java.base/java.util.ArrayList.forEach(ArrayList.java:1541)
at com.intellij.rt.testng.IDEARemoteTestNG.run(IDEARemoteTestNG.java:66)
at com.intellij.rt.testng.RemoteTestNGStarter.main(RemoteTestNGStarter.java:109)
... Removed 24 stack frames]]>
    </failure>
  </testcase> <!-- supportFlow -->
</testsuite> <!-- VelMeni Automation -->
