<?xml version="1.0" encoding="UTF-8"?>
<testng-results ignored="0" total="1" passed="1" failed="0" skipped="0">
  <reporter-output>
  </reporter-output>
  <suite started-at="2022-11-11T17:11:42 IST" name="All Test Suite" finished-at="2022-11-11T17:12:27 IST" duration-ms="45885">
    <groups>
    </groups>
    <test started-at="2022-11-11T17:11:42 IST" name="Base Test" finished-at="2022-11-11T17:11:42 IST" duration-ms="19">
    </test> <!-- Base Test -->
    <test started-at="2022-11-11T17:11:42 IST" name="Any Test" finished-at="2022-11-11T17:12:27 IST" duration-ms="45775">
      <class name="Pages.Images">
        <test-method is-config="true" signature="setUp(java.lang.String,java.lang.String,java.lang.String,java.lang.String)[pri:0, instance:Pages.Images@25f4878b]" started-at="2022-11-11T17:11:42 IST" name="setUp" finished-at="2022-11-11T17:11:42 IST" duration-ms="18" status="PASS">
          <params>
            <param index="0">
              <value>
                <![CDATA[prod]]>
              </value>
            </param>
            <param index="1">
              <value>
                <![CDATA[https://app.seconddentist.ai/#/authentication/signin]]>
              </value>
            </param>
            <param index="2">
              <value>
                <![CDATA[pallavi@frugaltesting.com]]>
              </value>
            </param>
            <param index="3">
              <value>
                <![CDATA[Test@12345]]>
              </value>
            </param>
          </params>
          <reporter-output>
          </reporter-output>
        </test-method> <!-- setUp -->
        <test-method is-config="true" signature="setup()[pri:0, instance:Pages.Images@25f4878b]" started-at="2022-11-11T17:11:42 IST" name="setup" finished-at="2022-11-11T17:12:21 IST" duration-ms="39347" status="PASS">
          <reporter-output>
          </reporter-output>
        </test-method> <!-- setup -->
        <test-method signature="ImagesFlow()[pri:0, instance:Pages.Images@25f4878b]" started-at="2022-11-11T17:12:21 IST" name="ImagesFlow" description="Check Images flow" finished-at="2022-11-11T17:12:27 IST" duration-ms="5742" status="PASS">
          <reporter-output>
          </reporter-output>
        </test-method> <!-- ImagesFlow -->
        <test-method is-config="true" signature="tearDown()[pri:0, instance:Pages.Images@25f4878b]" started-at="2022-11-11T17:12:27 IST" name="tearDown" finished-at="2022-11-11T17:12:27 IST" duration-ms="632" status="PASS">
          <reporter-output>
          </reporter-output>
        </test-method> <!-- tearDown -->
      </class> <!-- Pages.Images -->
    </test> <!-- Any Test -->
  </suite> <!-- All Test Suite -->
</testng-results>
