<?xml version="1.0" encoding="UTF-8"?>
<testng-results ignored="6" total="7" passed="1" failed="0" skipped="0">
  <reporter-output>
  </reporter-output>
  <suite started-at="2022-11-04T17:18:57 IST" name="All Test Suite" finished-at="2022-11-04T17:19:48 IST" duration-ms="50502">
    <groups>
    </groups>
    <test started-at="2022-11-04T17:18:57 IST" name="Base Test" finished-at="2022-11-04T17:18:57 IST" duration-ms="17">
    </test> <!-- Base Test -->
    <test started-at="2022-11-04T17:18:57 IST" name="Upload and Analyse" finished-at="2022-11-04T17:19:48 IST" duration-ms="50377">
      <class name="Tests.UploadAndAnalyse">
        <test-method is-config="true" signature="setUp(java.lang.String,java.lang.String,java.lang.String,java.lang.String)[pri:0, instance:Tests.UploadAndAnalyse@176b75f7]" started-at="2022-11-04T17:18:57 IST" name="setUp" finished-at="2022-11-04T17:18:57 IST" duration-ms="21" status="PASS">
          <params>
            <param index="0">
              <value>
                <![CDATA[prod]]>
              </value>
            </param>
            <param index="1">
              <value>
                <![CDATA[https://app.seconddentist.ai/#/authentication/signin]]>
              </value>
            </param>
            <param index="2">
              <value>
                <![CDATA[pallavi@frugaltesting.com]]>
              </value>
            </param>
            <param index="3">
              <value>
                <![CDATA[Test@12345]]>
              </value>
            </param>
          </params>
          <reporter-output>
          </reporter-output>
        </test-method> <!-- setUp -->
        <test-method is-config="true" signature="setup()[pri:0, instance:Tests.UploadAndAnalyse@176b75f7]" started-at="2022-11-04T17:18:57 IST" name="setup" finished-at="2022-11-04T17:19:21 IST" duration-ms="23392" status="PASS">
          <reporter-output>
          </reporter-output>
        </test-method> <!-- setup -->
        <test-method signature="editTeethNumber()[pri:7, instance:Tests.UploadAndAnalyse@176b75f7]" started-at="2022-11-04T17:19:21 IST" name="editTeethNumber" description="Edit teeth numbers Flow" finished-at="2022-11-04T17:19:46 IST" duration-ms="24937" status="PASS">
          <reporter-output>
          </reporter-output>
        </test-method> <!-- editTeethNumber -->
        <test-method is-config="true" signature="tearDown()[pri:0, instance:Tests.UploadAndAnalyse@176b75f7]" started-at="2022-11-04T17:19:46 IST" name="tearDown" finished-at="2022-11-04T17:19:48 IST" duration-ms="1961" status="PASS">
          <reporter-output>
          </reporter-output>
        </test-method> <!-- tearDown -->
      </class> <!-- Tests.UploadAndAnalyse -->
    </test> <!-- Upload and Analyse -->
  </suite> <!-- All Test Suite -->
</testng-results>
