<?xml version="1.0" encoding="UTF-8"?>
<testng-results ignored="0" total="6" passed="6" failed="0" skipped="0">
  <reporter-output>
    <line>
      <![CDATA[url=https://app.seconddentist.ai/#/authentication/signin]]>
    </line>
  </reporter-output>
  <suite started-at="2022-10-18T18:08:36 IST" name="All Test Suite" finished-at="2022-10-18T18:09:16 IST" duration-ms="40126">
    <groups>
    </groups>
    <test started-at="2022-10-18T18:08:36 IST" name="Base Test" finished-at="2022-10-18T18:08:36 IST" duration-ms="35">
    </test> <!-- Base Test -->
    <test started-at="2022-10-18T18:08:36 IST" name="Login Page" finished-at="2022-10-18T18:09:16 IST" duration-ms="39912">
      <class name="Tests.LoginLogout">
        <test-method is-config="true" signature="setUp(java.lang.String,java.lang.String,java.lang.String,java.lang.String)[pri:0, instance:Tests.LoginLogout@1722011b]" started-at="2022-10-18T18:08:36 IST" name="setUp" finished-at="2022-10-18T18:08:36 IST" duration-ms="36" status="PASS">
          <params>
            <param index="0">
              <value>
                <![CDATA[prod]]>
              </value>
            </param>
            <param index="1">
              <value>
                <![CDATA[https://app.seconddentist.ai/#/authentication/signin]]>
              </value>
            </param>
            <param index="2">
              <value>
                <![CDATA[pallavi@frugaltesting.com]]>
              </value>
            </param>
            <param index="3">
              <value>
                <![CDATA[Test@12345]]>
              </value>
            </param>
          </params>
          <reporter-output>
          </reporter-output>
        </test-method> <!-- setUp -->
        <test-method is-config="true" signature="setup()[pri:0, instance:Tests.LoginLogout@1722011b]" started-at="2022-10-18T18:08:36 IST" name="setup" finished-at="2022-10-18T18:08:48 IST" duration-ms="12073" status="PASS">
          <reporter-output>
          </reporter-output>
        </test-method> <!-- setup -->
        <test-method signature="emptyCredentials()[pri:0, instance:Tests.LoginLogout@1722011b]" started-at="2022-10-18T18:08:48 IST" name="emptyCredentials" description="Check logout flow" finished-at="2022-10-18T18:08:53 IST" duration-ms="4263" status="PASS">
          <reporter-output>
          </reporter-output>
        </test-method> <!-- emptyCredentials -->
        <test-method signature="iconVisibility()[pri:0, instance:Tests.LoginLogout@1722011b]" started-at="2022-10-18T18:08:53 IST" name="iconVisibility" description="Check logout flow" finished-at="2022-10-18T18:08:57 IST" duration-ms="4228" status="PASS">
          <reporter-output>
          </reporter-output>
        </test-method> <!-- iconVisibility -->
        <test-method signature="invalidPassword()[pri:0, instance:Tests.LoginLogout@1722011b]" started-at="2022-10-18T18:08:57 IST" name="invalidPassword" description="Check logout flow" finished-at="2022-10-18T18:09:01 IST" duration-ms="4422" status="PASS">
          <reporter-output>
          </reporter-output>
        </test-method> <!-- invalidPassword -->
        <test-method signature="invalidUserName()[pri:0, instance:Tests.LoginLogout@1722011b]" started-at="2022-10-18T18:09:01 IST" name="invalidUserName" description="Check logout flow" finished-at="2022-10-18T18:09:06 IST" duration-ms="4379" status="PASS">
          <reporter-output>
          </reporter-output>
        </test-method> <!-- invalidUserName -->
        <test-method signature="loginflow()[pri:0, instance:Tests.LoginLogout@1722011b]" started-at="2022-10-18T18:09:06 IST" name="loginflow" description="Check login flow" finished-at="2022-10-18T18:09:10 IST" duration-ms="4500" status="PASS">
          <reporter-output>
            <line>
              <![CDATA[url=https://app.seconddentist.ai/#/authentication/signin]]>
            </line>
          </reporter-output>
        </test-method> <!-- loginflow -->
        <test-method signature="logoutflow()[pri:0, instance:Tests.LoginLogout@1722011b]" started-at="2022-10-18T18:09:10 IST" name="logoutflow" description="Check logout flow" finished-at="2022-10-18T18:09:15 IST" duration-ms="5142" status="PASS">
          <reporter-output>
          </reporter-output>
        </test-method> <!-- logoutflow -->
        <test-method is-config="true" signature="tearDown()[pri:0, instance:Tests.LoginLogout@1722011b]" started-at="2022-10-18T18:09:15 IST" name="tearDown" finished-at="2022-10-18T18:09:16 IST" duration-ms="790" status="PASS">
          <reporter-output>
          </reporter-output>
        </test-method> <!-- tearDown -->
      </class> <!-- Tests.LoginLogout -->
    </test> <!-- Login Page -->
  </suite> <!-- All Test Suite -->
</testng-results>
