<?xml version="1.0" encoding="UTF-8"?>
<!-- Generated by org.testng.reporters.JUnitXMLReporter -->
<testsuite ignored="0" hostname="DESKTOP-4KCQT57" failures="0" tests="3" name="Add Patient Test" time="48.737" errors="0" timestamp="2022-11-10T17:03:39 IST">
  <testcase classname="Pages.AddPatient" name="addPatient" time="12.979"/>
  <testcase classname="Pages.AddPatient" name="addPatientWithInvalidName" time="14.827"/>
  <testcase classname="Pages.AddPatient" name="addPatientbtn" time="0.027"/>
</testsuite> <!-- Add Patient Test -->
