<?xml version="1.0" encoding="UTF-8"?>
<!-- Generated by org.testng.reporters.JUnitXMLReporter -->
<testsuite ignored="0" hostname="DESKTOP-4KCQT57" failures="0" tests="3" name="Add Patient Test" time="54.258" errors="0" timestamp="2022-11-04T15:34:34 IST">
  <testcase classname="Tests.AddPatient" name="addPatient" time="12.958"/>
  <testcase classname="Tests.AddPatient" name="addPatientWithInvalidName" time="14.852"/>
  <testcase classname="Tests.AddPatient" name="addPatientbtn" time="0.026"/>
</testsuite> <!-- Add Patient Test -->
