<?xml version="1.0" encoding="UTF-8"?>
<!-- Generated by org.testng.reporters.JUnitXMLReporter -->
<testsuite ignored="0" hostname="DESKTOP-4KCQT57" failures="0" tests="6" name="Login Page" time="42.94" errors="0" timestamp="2022-11-10T17:02:51 IST">
  <testcase classname="Pages.LoginLogout" name="emptyCredentials" time="4.117"/>
  <testcase classname="Pages.LoginLogout" name="iconVisibility" time="4.32"/>
  <testcase classname="Pages.LoginLogout" name="invalidPassword" time="4.386"/>
  <testcase classname="Pages.LoginLogout" name="invalidUserName" time="4.293"/>
  <testcase classname="Pages.LoginLogout" name="loginflow" time="10.353"/>
  <testcase classname="Pages.LoginLogout" name="logoutflow" time="3.163"/>
</testsuite> <!-- Login Page -->
