<?xml version="1.0" encoding="UTF-8"?>
<!-- Generated by org.testng.reporters.JUnitXMLReporter -->
<testsuite ignored="0" hostname="DESKTOP-4KCQT57" failures="0" tests="6" name="Login Page" time="45.994" errors="0" timestamp="2022-11-04T15:33:40 IST">
  <testcase classname="Tests.LoginLogout" name="emptyCredentials" time="4.174"/>
  <testcase classname="Tests.LoginLogout" name="iconVisibility" time="4.219"/>
  <testcase classname="Tests.LoginLogout" name="invalidPassword" time="4.564"/>
  <testcase classname="Tests.LoginLogout" name="invalidUserName" time="4.291"/>
  <testcase classname="Tests.LoginLogout" name="loginflow" time="10.36"/>
  <testcase classname="Tests.LoginLogout" name="logoutflow" time="3.15"/>
</testsuite> <!-- Login Page -->
