<?xml version="1.0" encoding="UTF-8"?>
<!-- Generated by org.testng.reporters.JUnitXMLReporter -->
<testsuite ignored="0" hostname="DESKTOP-4KCQT57" failures="1" tests="6" name="Login Page" time="73.119" errors="0" timestamp="2022-11-09T16:54:35 IST">
  <testcase classname="Pages.LoginLogout" name="emptyCredentials" time="4.184"/>
  <testcase classname="Pages.LoginLogout" name="iconVisibility" time="4.312"/>
  <testcase classname="Pages.LoginLogout" name="invalidPassword" time="4.373"/>
  <testcase classname="Pages.LoginLogout" name="invalidUserName" time="4.311"/>
  <testcase classname="Pages.LoginLogout" name="loginflow" time="10.354"/>
  <testcase classname="Pages.LoginLogout" name="logoutflow" time="4.206">
    <failure type="org.openqa.selenium.ElementClickInterceptedException" message="element click intercepted: Element &amp;lt;li _ngcontent-otp-c90=&amp;quot;&amp;quot; class=&amp;quot;bottom&amp;quot;&amp;gt;...&amp;lt;/li&amp;gt; is not clickable at point (30, 705). Other element would receive the click: &amp;lt;div _ngcontent-otp-c174=&amp;quot;&amp;quot; class=&amp;quot;tbl-spinner ng-star-inserted&amp;quot;&amp;gt;...&amp;lt;/div&amp;gt;
  (Session info: chrome=107.0.5304.89)
Build info: version: &amp;apos;4.5.3&amp;apos;, revision: &amp;apos;4b786a1e430&amp;apos;
System info: os.name: &amp;apos;Windows 10&amp;apos;, os.arch: &amp;apos;amd64&amp;apos;, os.version: &amp;apos;10.0&amp;apos;, java.version: &amp;apos;11.0.16.1&amp;apos;
Driver info: org.openqa.selenium.chrome.ChromeDriver
Command: [0722a4ab9a59ef1ddedda327ca89aa70, clickElement {id=cb98ff3c-ab61-4943-afb1-84feb7439791}]
Capabilities {acceptInsecureCerts: false, browserName: chrome, browserVersion: 107.0.5304.89, chrome: {chromedriverVersion: 107.0.5304.62 (1eec40d3a576..., userDataDir: C:\Users\Admin\AppData\Loca...}, goog:chromeOptions: {debuggerAddress: localhost:65426}, networkConnectionEnabled: false, pageLoadStrategy: normal, platformName: WINDOWS, proxy: Proxy(), se:cdp: ws://localhost:65426/devtoo..., se:cdpVersion: 107.0.5304.89, setWindowRect: true, strictFileInteractability: false, timeouts: {implicit: 0, pageLoad: 300000, script: 30000}, unhandledPromptBehavior: dismiss and notify, webauthn:extension:credBlob: true, webauthn:extension:largeBlob: true, webauthn:virtualAuthenticators: true}
Element: [[ChromeDriver: chrome on WINDOWS (0722a4ab9a59ef1ddedda327ca89aa70)] -&amp;gt; xpath: //*[@id=&amp;quot;leftsidebar&amp;quot;]/div/ul/li[4]]
Session ID: 0722a4ab9a59ef1ddedda327ca89aa70">
      <![CDATA[org.openqa.selenium.ElementClickInterceptedException: element click intercepted: Element <li _ngcontent-otp-c90="" class="bottom">...</li> is not clickable at point (30, 705). Other element would receive the click: <div _ngcontent-otp-c174="" class="tbl-spinner ng-star-inserted">...</div>
  (Session info: chrome=107.0.5304.89)
Build info: version: '4.5.3', revision: '4b786a1e430'
System info: os.name: 'Windows 10', os.arch: 'amd64', os.version: '10.0', java.version: '11.0.16.1'
Driver info: org.openqa.selenium.chrome.ChromeDriver
Command: [0722a4ab9a59ef1ddedda327ca89aa70, clickElement {id=cb98ff3c-ab61-4943-afb1-84feb7439791}]
Capabilities {acceptInsecureCerts: false, browserName: chrome, browserVersion: 107.0.5304.89, chrome: {chromedriverVersion: 107.0.5304.62 (1eec40d3a576..., userDataDir: C:\Users\Admin\AppData\Loca...}, goog:chromeOptions: {debuggerAddress: localhost:65426}, networkConnectionEnabled: false, pageLoadStrategy: normal, platformName: WINDOWS, proxy: Proxy(), se:cdp: ws://localhost:65426/devtoo..., se:cdpVersion: 107.0.5304.89, setWindowRect: true, strictFileInteractability: false, timeouts: {implicit: 0, pageLoad: 300000, script: 30000}, unhandledPromptBehavior: dismiss and notify, webauthn:extension:credBlob: true, webauthn:extension:largeBlob: true, webauthn:virtualAuthenticators: true}
Element: [[ChromeDriver: chrome on WINDOWS (0722a4ab9a59ef1ddedda327ca89aa70)] -> xpath: //*[@id="leftsidebar"]/div/ul/li[4]]
Session ID: 0722a4ab9a59ef1ddedda327ca89aa70
at org.openqa.selenium.remote.codec.w3c.W3CHttpResponseCodec.createException(W3CHttpResponseCodec.java:200)
at org.openqa.selenium.remote.codec.w3c.W3CHttpResponseCodec.decode(W3CHttpResponseCodec.java:133)
at org.openqa.selenium.remote.codec.w3c.W3CHttpResponseCodec.decode(W3CHttpResponseCodec.java:53)
at org.openqa.selenium.remote.HttpCommandExecutor.execute(HttpCommandExecutor.java:184)
at org.openqa.selenium.remote.service.DriverCommandExecutor.invokeExecute(DriverCommandExecutor.java:167)
at org.openqa.selenium.remote.service.DriverCommandExecutor.execute(DriverCommandExecutor.java:142)
at org.openqa.selenium.remote.RemoteWebDriver.execute(RemoteWebDriver.java:541)
at org.openqa.selenium.remote.RemoteWebElement.execute(RemoteWebElement.java:257)
at org.openqa.selenium.remote.RemoteWebElement.click(RemoteWebElement.java:78)
at Utils.SecondDentistUtils.clickLogOutButton(SecondDentistUtils.java:31)
at Pages.LoginLogout.logoutflow(LoginLogout.java:48)
at java.base/java.util.ArrayList.forEach(ArrayList.java:1541)
... Removed 34 stack frames]]>
    </failure>
  </testcase> <!-- logoutflow -->
</testsuite> <!-- Login Page -->
