<?xml version="1.0" encoding="UTF-8"?>
<!-- Generated by org.testng.reporters.JUnitXMLReporter -->
<testsuite ignored="0" hostname="DESKTOP-4KCQT57" failures="0" tests="5" name="Settings" time="44.331" errors="0" timestamp="2022-11-04T15:41:39 IST">
  <testcase classname="Tests.Settings" name="settingsFlow" time="6.822"/>
  <testcase classname="Tests.Settings" name="settingsFlow2" time="8.532"/>
  <testcase classname="Tests.Settings" name="settingsFlow3" time="2.48"/>
  <testcase classname="Tests.Settings" name="settingsFlow4" time="0.135"/>
  <testcase classname="Tests.Settings" name="settingsFlow5" time="5.91"/>
</testsuite> <!-- Settings -->
