<?xml version="1.0" encoding="UTF-8"?>
<!-- Generated by org.testng.reporters.JUnitXMLReporter -->
<testsuite ignored="0" hostname="DESKTOP-4KCQT57" failures="0" tests="5" name="Settings" time="48.738" errors="0" timestamp="2022-11-09T17:03:55 IST">
  <testcase classname="Pages.Settings" name="settingsFlow" time="6.774"/>
  <testcase classname="Pages.Settings" name="settingsFlow2" time="8.202"/>
  <testcase classname="Pages.Settings" name="settingsFlow3" time="2.339"/>
  <testcase classname="Pages.Settings" name="settingsFlow4" time="0.165"/>
  <testcase classname="Pages.Settings" name="settingsFlow5" time="6.059"/>
</testsuite> <!-- Settings -->
